<?xml version="1.0" encoding="UTF-8"?>
<!-- Generated by org.testng.reporters.JUnitXMLReporter -->
<testsuite hostname="DESKTOP-VNGHCOH" name="basic test" tests="4" failures="0" timestamp="2 May 2017 19:51:36 GMT" time="20.195" errors="0">
  <testcase name="VerifyTitle" time="3.029" classname="org.testng.tests.uptaketests"/>
  <testcase name="verifyjumptosection" time="2.383" classname="org.testng.tests.uptaketests"/>
  <testcase name="isElementpresentHomePage" time="0.142" classname="org.testng.tests.uptaketests"/>
  <testcase name="industrieslist" time="0.029" classname="org.testng.tests.uptaketests"/>
</testsuite> <!-- basic test -->
